<?xml version="1.0" encoding="UTF-8"?>
<!-- Generated by org.testng.reporters.JUnitReportReporter -->
<testsuite skipped="0" hostname="DESKTOP-O2K3836" name="ATL.Brandintelle.maven.ATL.Brandintelle.maven.ATL_MainCode" tests="3" failures="0" timestamp="2020-09-09T12:01:49 IST" time="80.351" errors="0">
  <testcase name="clickATL" time="11.337" classname="ATL.Brandintelle.maven.ATL.Brandintelle.maven.ATL_MainCode"/>
  <system-out/>
  <testcase name="createest" time="19.748" classname="ATL.Brandintelle.maven.ATL.Brandintelle.maven.ATL_MainCode"/>
  <system-out/>
  <testcase name="documentinfor" time="49.266" classname="ATL.Brandintelle.maven.ATL.Brandintelle.maven.ATL_MainCode"/>
  <system-out/>
</testsuite> <!-- ATL.Brandintelle.maven.ATL.Brandintelle.maven.ATL_MainCode -->
